Building DAG of jobs...
Using shell: /usr/bin/bash
Provided cluster nodes: 4
Job stats:
job                  count
-----------------  -------
all                      1
fastp                    1
spades_chromosome        1
spades_plasmid           1
total                    4

Select jobs to execute...

[Thu Sep  4 13:49:29 2025]
rule fastp:
    input: input/SRR34965641_1.fastq, input/SRR34965641_2.fastq
    output: output/SRR34965641/SRR34965641_R1.clean.fastq.gz, output/SRR34965641/SRR34965641_R2.clean.fastq.gz
    jobid: 2
    reason: Missing output files: output/SRR34965641/SRR34965641_R2.clean.fastq.gz, output/SRR34965641/SRR34965641_R1.clean.fastq.gz
    wildcards: sample=SRR34965641
    threads: 8
    resources: mem_mb=20000, mem_mib=19074, disk_mb=2136, disk_mib=2038, tmpdir=<TBD>, threads=8

Submitted job 2 with external jobid 'Submitted batch job 1074878'.
[Thu Sep  4 13:49:49 2025]
Finished job 2.
1 of 4 steps (25%) done
Select jobs to execute...

[Thu Sep  4 13:49:49 2025]
rule spades_chromosome:
    input: output/SRR34965641/SRR34965641_R1.clean.fastq.gz, output/SRR34965641/SRR34965641_R2.clean.fastq.gz
    output: output/SRR34965641/chromosome
    jobid: 1
    reason: Missing output files: output/SRR34965641/chromosome; Input files updated by another job: output/SRR34965641/SRR34965641_R2.clean.fastq.gz, output/SRR34965641/SRR34965641_R1.clean.fastq.gz
    wildcards: sample=SRR34965641
    threads: 8
    resources: mem_mb=20000, mem_mib=19074, disk_mb=1000, disk_mib=954, tmpdir=<TBD>, threads=8

Submitted job 1 with external jobid 'Submitted batch job 1074879'.

[Thu Sep  4 13:49:49 2025]
rule spades_plasmid:
    input: output/SRR34965641/SRR34965641_R1.clean.fastq.gz, output/SRR34965641/SRR34965641_R2.clean.fastq.gz
    output: output/SRR34965641/plasmid
    jobid: 3
    reason: Missing output files: output/SRR34965641/plasmid; Input files updated by another job: output/SRR34965641/SRR34965641_R2.clean.fastq.gz, output/SRR34965641/SRR34965641_R1.clean.fastq.gz
    wildcards: sample=SRR34965641
    threads: 8
    resources: mem_mb=20000, mem_mib=19074, disk_mb=1000, disk_mib=954, tmpdir=<TBD>, threads=8

Submitted job 3 with external jobid 'Submitted batch job 1074880'.
[Thu Sep  4 13:53:09 2025]
Error in rule spades_chromosome:
    jobid: 1
    input: output/SRR34965641/SRR34965641_R1.clean.fastq.gz, output/SRR34965641/SRR34965641_R2.clean.fastq.gz
    output: output/SRR34965641/chromosome
    conda-env: /work/NRSAAMR/Projects/SWAM/WGS/.snakemake/conda/b0bc673b82dc1f3be950fab216f53e66_
    shell:
        
	mkdir -p $(dirname output/SRR34965641/chromosome)
        spades.py --isolate -1 output/SRR34965641/SRR34965641_R1.clean.fastq.gz -2 output/SRR34965641/SRR34965641_R2.clean.fastq.gz -o output/SRR34965641/chromosome
        
        (one of the commands exited with non-zero exit code; note that snakemake uses bash strict mode!)
    cluster_jobid: Submitted batch job 1074879

Error executing rule spades_chromosome on cluster (jobid: 1, external: Submitted batch job 1074879, jobscript: /work/NRSAAMR/Projects/SWAM/WGS/.snakemake/tmp.nlqtqoaj/snakejob.spades_chromosome.1.sh). For error details see the cluster log and the log files of the involved rule(s).
Removing output files of failed job spades_chromosome since they might be corrupted:
output/SRR34965641/chromosome
Skipped removing non-empty directory output/SRR34965641/chromosome
[Thu Sep  4 13:53:19 2025]
Error in rule spades_plasmid:
    jobid: 3
    input: output/SRR34965641/SRR34965641_R1.clean.fastq.gz, output/SRR34965641/SRR34965641_R2.clean.fastq.gz
    output: output/SRR34965641/plasmid
    conda-env: /work/NRSAAMR/Projects/SWAM/WGS/.snakemake/conda/b0bc673b82dc1f3be950fab216f53e66_
    shell:
        
        mkdir -p $(dirname output/SRR34965641/plasmid)
        spades.py --plasmid -1 output/SRR34965641/SRR34965641_R1.clean.fastq.gz -2 output/SRR34965641/SRR34965641_R2.clean.fastq.gz -o output/SRR34965641/plasmid
        
        (one of the commands exited with non-zero exit code; note that snakemake uses bash strict mode!)
    cluster_jobid: Submitted batch job 1074880

Error executing rule spades_plasmid on cluster (jobid: 3, external: Submitted batch job 1074880, jobscript: /work/NRSAAMR/Projects/SWAM/WGS/.snakemake/tmp.nlqtqoaj/snakejob.spades_plasmid.3.sh). For error details see the cluster log and the log files of the involved rule(s).
Removing output files of failed job spades_plasmid since they might be corrupted:
output/SRR34965641/plasmid
Skipped removing non-empty directory output/SRR34965641/plasmid
Shutting down, this might take some time.
Exiting because a job execution failed. Look above for error message
Complete log: .snakemake/log/2025-09-04T134928.366419.snakemake.log
