Building DAG of jobs...
Using shell: /usr/bin/bash
Provided cluster nodes: 4
Job stats:
job                  count
-----------------  -------
all                      1
fastp                    1
spades_chromosome        1
spades_plasmid           1
total                    4

Select jobs to execute...

[Thu Sep  4 13:22:03 2025]
rule fastp:
    input: input/SRR34965641_1.fastq, input/SRR34965641_2.fastq
    output: output/SRR34965641/SRR34965641_R1.clean.fastq.gz, output/SRR34965641/SRR34965641_R2.clean.fastq.gz, output/SRR34965641
    jobid: 2
    reason: Missing output files: output/SRR34965641/SRR34965641_R1.clean.fastq.gz, output/SRR34965641/SRR34965641_R2.clean.fastq.gz
    wildcards: sample=SRR34965641
    threads: 8
    resources: mem_mb=20000, mem_mib=19074, disk_mb=2136, disk_mib=2038, tmpdir=<TBD>, threads=8

Submitted job 2 with external jobid 'Submitted batch job 1074860'.
[Thu Sep  4 13:22:13 2025]
Error in rule fastp:
    jobid: 2
    input: input/SRR34965641_1.fastq, input/SRR34965641_2.fastq
    output: output/SRR34965641/SRR34965641_R1.clean.fastq.gz, output/SRR34965641/SRR34965641_R2.clean.fastq.gz, output/SRR34965641
    conda-env: /work/NRSAAMR/Projects/SWAM/WGS/.snakemake/conda/b0bc673b82dc1f3be950fab216f53e66_
    shell:
        
        mkdir -p $(dirname output/SRR34965641)
	print(output/SRR34965641/SRR34965641_R1.clean.fastq.gz, output/SRR34965641/SRR34965641_R2.clean.fastq.gz)
        fastp -i input/SRR34965641_1.fastq -I input/SRR34965641_2.fastq -o output/SRR34965641/SRR34965641_R1.clean.fastq.gz -O output/SRR34965641/SRR34965641_R2.clean.fastq.gz --html /dev/null/ --json /dev/null/
        
        (one of the commands exited with non-zero exit code; note that snakemake uses bash strict mode!)
    cluster_jobid: Submitted batch job 1074860

Error executing rule fastp on cluster (jobid: 2, external: Submitted batch job 1074860, jobscript: /work/NRSAAMR/Projects/SWAM/WGS/.snakemake/tmp.77ca2xge/snakejob.fastp.2.sh). For error details see the cluster log and the log files of the involved rule(s).
Shutting down, this might take some time.
Exiting because a job execution failed. Look above for error message
Complete log: .snakemake/log/2025-09-04T132202.366663.snakemake.log
