Building DAG of jobs...
Using shell: /usr/bin/bash
Provided cluster nodes: 10
Job stats:
job                  count
-----------------  -------
all                      1
fastp                    1
spades_chromosome        1
spades_plasmid           1
total                    4

Select jobs to execute...

[Thu Sep  4 13:01:49 2025]
rule fastp:
    input: input/SRR34965641_1.fastq, input/SRR34965641_2.fastq
    output: output/SRR34965641/SRR34965641_R1.clean.fastq.gz, output/SRR34965641/SRR34965641_R2.clean.fastq.gz
    jobid: 2
    reason: Missing output files: output/SRR34965641/SRR34965641_R2.clean.fastq.gz, output/SRR34965641/SRR34965641_R1.clean.fastq.gz
    wildcards: sample=SRR34965641
    threads: 8
    resources: mem_mb=20000, mem_mib=19074, disk_mb=2136, disk_mib=2038, tmpdir=<TBD>, threads=8

RuleException in rule fastp in file /work/NRSAAMR/Projects/SWAM/WGS/Snakefile, line 17:
AttributeError: '_IOFile' object has no attribute 'rsplit('/',2)', when formatting the following:

        mkdir -p {output.r1_clean.rsplit('/',2)[0]}
        fastp -i {input.r1} -I {input.r2} -o {output.r1_clean} -O {output.r2_clean} --html {params.html} --json {params.json}
        
