Building DAG of jobs...
Creating conda environment envs/spades.yaml...
Downloading and installing remote packages.
Environment for /work/NRSAAMR/Projects/SWAM/WGS/envs/spades.yaml created (location: .snakemake/conda/b0bc673b82dc1f3be950fab216f53e66_)
Using shell: /usr/bin/bash
Provided cluster nodes: 10
Job stats:
job                  count
-----------------  -------
all                      1
spades_chromosome        1
spades_plasmid           1
total                    3

Select jobs to execute...

[Thu Sep  4 11:35:45 2025]
rule spades_plasmid:
    input: /work/NRSAAMR/Projects/SWAM/WGS/input/SRR34965641_1.fastq, /work/NRSAAMR/Projects/SWAM/WGS/input/SRR34965641_2.fastq
    output: /work/NRSAAMR/Projects/SWAM/WGS/output/SRR34965641/plasmid/contigs.fasta
    jobid: 2
    reason: Missing output files: /work/NRSAAMR/Projects/SWAM/WGS/output/SRR34965641/plasmid/contigs.fasta
    wildcards: sample=SRR34965641
    threads: 8
    resources: mem_mb=20000, mem_mib=19074, disk_mb=2136, disk_mib=2038, tmpdir=<TBD>, threads=8

RuleException in rule spades_plasmid in file /work/NRSAAMR/Projects/SWAM/WGS/Snakefile, line 53:
AttributeError: '_IOFile' object has no attribute 'rsplit('/',3)', when formatting the following:

        mkdir -p {output.contigs.rsplit('/',3)[0]}
        spades.py --plasmid -1 {input.r1} -2 {input.r2} -o {output.contigs.rsplit('/',1)[0]}
        
